[    29.594] (--) Log file renamed from "/home/kimseongyun/.local/share/xorg/Xorg.pid-922.log" to "/home/kimseongyun/.local/share/xorg/Xorg.0.log"
[    29.601] 
X.Org X Server 1.20.11
X Protocol Version 11, Revision 0
[    29.605] Build Operating System: linux Ubuntu
[    29.606] Current Operating System: Linux kimseongyun-VirtualBox 5.11.0-38-generic #42~20.04.1-Ubuntu SMP Tue Sep 28 20:41:07 UTC 2021 x86_64
[    29.606] Kernel command line: BOOT_IMAGE=/boot/vmlinuz-5.11.0-38-generic root=UUID=a4d3e348-9171-47a1-9c7d-6c94f05c0cdc ro quiet splash
[    29.606] Build Date: 06 July 2021  10:17:51AM
[    29.606] xorg-server 2:1.20.11-1ubuntu1~20.04.2 (For technical support please see http://www.ubuntu.com/support) 
[    29.607] Current version of pixman: 0.38.4
[    29.607] 	Before reporting problems, check http://wiki.x.org
	to make sure that you have the latest version.
[    29.607] Markers: (--) probed, (**) from config file, (==) default setting,
	(++) from command line, (!!) notice, (II) informational,
	(WW) warning, (EE) error, (NI) not implemented, (??) unknown.
[    29.608] (==) Log file: "/home/kimseongyun/.local/share/xorg/Xorg.0.log", Time: Tue Nov 30 23:08:37 2021
[    29.616] (==) Using system config directory "/usr/share/X11/xorg.conf.d"
[    29.619] (==) No Layout section.  Using the first Screen section.
[    29.619] (==) No screen section available. Using defaults.
[    29.619] (**) |-->Screen "Default Screen Section" (0)
[    29.619] (**) |   |-->Monitor "<default monitor>"
[    29.621] (==) No monitor specified for screen "Default Screen Section".
	Using a default monitor configuration.
[    29.621] (==) Automatically adding devices
[    29.621] (==) Automatically enabling devices
[    29.621] (==) Automatically adding GPU devices
[    29.621] (==) Automatically binding GPU devices
[    29.621] (==) Max clients allowed: 256, resource mask: 0x1fffff
[    29.625] (WW) The directory "/usr/share/fonts/X11/cyrillic" does not exist.
[    29.625] 	Entry deleted from font path.
[    29.625] (WW) The directory "/usr/share/fonts/X11/100dpi/" does not exist.
[    29.625] 	Entry deleted from font path.
[    29.625] (WW) The directory "/usr/share/fonts/X11/75dpi/" does not exist.
[    29.625] 	Entry deleted from font path.
[    29.629] (WW) The directory "/usr/share/fonts/X11/100dpi" does not exist.
[    29.629] 	Entry deleted from font path.
[    29.629] (WW) The directory "/usr/share/fonts/X11/75dpi" does not exist.
[    29.629] 	Entry deleted from font path.
[    29.629] (==) FontPath set to:
	/usr/share/fonts/X11/misc,
	/usr/share/fonts/X11/Type1,
	built-ins
[    29.629] (==) ModulePath set to "/usr/lib/xorg/modules"
[    29.629] (II) The server relies on udev to provide the list of input devices.
	If no devices become available, reconfigure udev or disable AutoAddDevices.
[    29.629] (II) Loader magic: 0x55cddbfc8020
[    29.629] (II) Module ABI versions:
[    29.629] 	X.Org ANSI C Emulation: 0.4
[    29.629] 	X.Org Video Driver: 24.1
[    29.629] 	X.Org XInput driver : 24.1
[    29.629] 	X.Org Server Extension : 10.0
[    29.631] (++) using VT number 2

[    29.640] (II) systemd-logind: took control of session /org/freedesktop/login1/session/_31
[    29.642] (II) xfree86: Adding drm device (/dev/dri/card0)
[    29.643] (II) systemd-logind: got fd for /dev/dri/card0 226:0 fd 12 paused 0
[    29.646] (--) PCI:*(0@0:2:0) 15ad:0405:15ad:0405 rev 0, Mem @ 0xe0000000/16777216, 0xf0000000/2097152, I/O @ 0x0000d010/16, BIOS @ 0x????????/131072
[    29.648] (II) LoadModule: "glx"
[    29.649] (II) Loading /usr/lib/xorg/modules/extensions/libglx.so
[    29.674] (II) Module glx: vendor="X.Org Foundation"
[    29.674] 	compiled for 1.20.11, module version = 1.0.0
[    29.674] 	ABI class: X.Org Server Extension, version 10.0
[    29.674] (==) Matched vmware as autoconfigured driver 0
[    29.675] (==) Matched modesetting as autoconfigured driver 1
[    29.675] (==) Matched fbdev as autoconfigured driver 2
[    29.675] (==) Matched vesa as autoconfigured driver 3
[    29.675] (==) Assigned the driver to the xf86ConfigLayout
[    29.675] (II) LoadModule: "vmware"
[    29.675] (II) Loading /usr/lib/xorg/modules/drivers/vmware_drv.so
[    30.019] (II) Module vmware: vendor="X.Org Foundation"
[    30.019] 	compiled for 1.20.8, module version = 13.3.0
[    30.019] 	Module class: X.Org Video Driver
[    30.019] 	ABI class: X.Org Video Driver, version 24.1
[    30.019] (II) LoadModule: "modesetting"
[    30.019] (II) Loading /usr/lib/xorg/modules/drivers/modesetting_drv.so
[    30.022] (II) Module modesetting: vendor="X.Org Foundation"
[    30.022] 	compiled for 1.20.11, module version = 1.20.11
[    30.023] 	Module class: X.Org Video Driver
[    30.023] 	ABI class: X.Org Video Driver, version 24.1
[    30.023] (II) LoadModule: "fbdev"
[    30.023] (II) Loading /usr/lib/xorg/modules/drivers/fbdev_drv.so
[    30.028] (II) Module fbdev: vendor="X.Org Foundation"
[    30.028] 	compiled for 1.20.1, module version = 0.5.0
[    30.029] 	Module class: X.Org Video Driver
[    30.029] 	ABI class: X.Org Video Driver, version 24.0
[    30.029] (II) LoadModule: "vesa"
[    30.029] (II) Loading /usr/lib/xorg/modules/drivers/vesa_drv.so
[    30.034] (II) Module vesa: vendor="X.Org Foundation"
[    30.034] 	compiled for 1.20.4, module version = 2.4.0
[    30.035] 	Module class: X.Org Video Driver
[    30.035] 	ABI class: X.Org Video Driver, version 24.0
[    30.035] (II) vmware: driver for VMware SVGA: vmware0405, vmware0710
[    30.035] (II) modesetting: Driver for Modesetting Kernel Drivers: kms
[    30.035] (II) FBDEV: driver for framebuffer: fbdev
[    30.035] (II) VESA: driver for VESA chipsets: vesa
[    30.035] xf86EnableIOPorts: failed to set IOPL for I/O (Operation not permitted)
[    30.036] (WW) Falling back to old probe method for modesetting
[    30.039] (WW) Falling back to old probe method for fbdev
[    30.039] (II) Loading sub module "fbdevhw"
[    30.039] (II) LoadModule: "fbdevhw"
[    30.040] (II) Loading /usr/lib/xorg/modules/libfbdevhw.so
[    30.041] (II) Module fbdevhw: vendor="X.Org Foundation"
[    30.041] 	compiled for 1.20.11, module version = 0.0.2
[    30.041] 	ABI class: X.Org Video Driver, version 24.1
[    30.041] (EE) open /dev/fb0: Permission denied
[    30.041] (WW) VGA arbiter: cannot open kernel arbiter, no multi-card support
[    30.041] (II) vmware(0): Creating default Display subsection in Screen section
	"Default Screen Section" for depth/fbbpp 24/32
[    30.041] (--) vmware(0): DRM driver version is 2.18.0
[    30.041] (==) vmware(0): Depth 24, (--) framebuffer bpp 32
[    30.041] (==) vmware(0): RGB weight 888
[    30.041] (==) vmware(0): Default visual is TrueColor
[    30.041] (--) vmware(0): Min width 1, Max Width 8192.
[    30.041] (--) vmware(0): Min height 1, Max Height 8192.
[    30.042] (II) vmware(0): Output Virtual1 has no monitor section
[    30.042] (II) vmware(0): Output Virtual2 has no monitor section
[    30.042] (II) vmware(0): Output Virtual3 has no monitor section
[    30.042] (II) vmware(0): Output Virtual4 has no monitor section
[    30.042] (II) vmware(0): Output Virtual5 has no monitor section
[    30.042] (II) vmware(0): Output Virtual6 has no monitor section
[    30.042] (II) vmware(0): Output Virtual7 has no monitor section
[    30.042] (II) vmware(0): Output Virtual8 has no monitor section
[    30.042] (II) vmware(0): Printing probed modes for output Virtual1
[    30.042] (II) vmware(0): Modeline "800x600"x60.0   42.75  800 850 900 950  600 650 700 750 -hsync +vsync (45.0 kHz eP)
[    30.042] (II) vmware(0): Modeline "2560x1600"x60.0  348.50  2560 2752 3032 3504  1600 1603 1609 1658 -hsync +vsync (99.5 kHz e)
[    30.042] (II) vmware(0): Modeline "1920x1440"x60.0  234.00  1920 2048 2256 2600  1440 1441 1444 1500 -hsync +vsync (90.0 kHz e)
[    30.042] (II) vmware(0): Modeline "1856x1392"x60.0  218.25  1856 1952 2176 2528  1392 1393 1396 1439 -hsync +vsync (86.3 kHz e)
[    30.042] (II) vmware(0): Modeline "1792x1344"x60.0  204.75  1792 1920 2120 2448  1344 1345 1348 1394 -hsync +vsync (83.6 kHz e)
[    30.042] (II) vmware(0): Modeline "1920x1200"x59.9  193.25  1920 2056 2256 2592  1200 1203 1209 1245 -hsync +vsync (74.6 kHz e)
[    30.042] (II) vmware(0): Modeline "1600x1200"x60.0  162.00  1600 1664 1856 2160  1200 1201 1204 1250 +hsync +vsync (75.0 kHz e)
[    30.042] (II) vmware(0): Modeline "1680x1050"x60.0  146.25  1680 1784 1960 2240  1050 1053 1059 1089 -hsync +vsync (65.3 kHz e)
[    30.042] (II) vmware(0): Modeline "1400x1050"x60.0  121.75  1400 1488 1632 1864  1050 1053 1057 1089 -hsync +vsync (65.3 kHz e)
[    30.042] (II) vmware(0): Modeline "1280x1024"x60.0  108.00  1280 1328 1440 1688  1024 1025 1028 1066 +hsync +vsync (64.0 kHz e)
[    30.042] (II) vmware(0): Modeline "1440x900"x59.9  106.50  1440 1520 1672 1904  900 903 909 934 -hsync +vsync (55.9 kHz e)
[    30.042] (II) vmware(0): Modeline "1280x960"x60.0  108.00  1280 1376 1488 1800  960 961 964 1000 +hsync +vsync (60.0 kHz e)
[    30.042] (II) vmware(0): Modeline "1360x768"x60.0   85.50  1360 1424 1536 1792  768 771 777 795 +hsync +vsync (47.7 kHz e)
[    30.042] (II) vmware(0): Modeline "1280x800"x59.8   83.50  1280 1352 1480 1680  800 803 809 831 +hsync -vsync (49.7 kHz e)
[    30.042] (II) vmware(0): Modeline "1152x864"x75.0  108.00  1152 1216 1344 1600  864 865 868 900 +hsync +vsync (67.5 kHz e)
[    30.042] (II) vmware(0): Modeline "1280x768"x59.9   79.50  1280 1344 1472 1664  768 771 778 798 -hsync +vsync (47.8 kHz e)
[    30.042] (II) vmware(0): Modeline "1024x768"x60.0   65.00  1024 1048 1184 1344  768 771 777 806 -hsync -vsync (48.4 kHz e)
[    30.042] (II) vmware(0): Modeline "800x600"x60.3   40.00  800 840 968 1056  600 601 605 628 +hsync +vsync (37.9 kHz e)
[    30.042] (II) vmware(0): Modeline "640x480"x59.9   25.18  640 656 752 800  480 489 492 525 -hsync -vsync (31.5 kHz e)
[    30.042] (II) vmware(0): EDID for output Virtual2
[    30.042] (II) vmware(0): EDID for output Virtual3
[    30.042] (II) vmware(0): EDID for output Virtual4
[    30.042] (II) vmware(0): EDID for output Virtual5
[    30.042] (II) vmware(0): EDID for output Virtual6
[    30.042] (II) vmware(0): EDID for output Virtual7
[    30.042] (II) vmware(0): EDID for output Virtual8
[    30.042] (II) vmware(0): Output Virtual1 connected
[    30.042] (II) vmware(0): Output Virtual2 disconnected
[    30.042] (II) vmware(0): Output Virtual3 disconnected
[    30.042] (II) vmware(0): Output Virtual4 disconnected
[    30.042] (II) vmware(0): Output Virtual5 disconnected
[    30.042] (II) vmware(0): Output Virtual6 disconnected
[    30.042] (II) vmware(0): Output Virtual7 disconnected
[    30.042] (II) vmware(0): Output Virtual8 disconnected
[    30.042] (II) vmware(0): Using exact sizes for initial modes
[    30.042] (II) vmware(0): Output Virtual1 using initial mode 800x600 +0+0
[    30.042] (==) vmware(0): DPI set to (96, 96)
[    30.042] (==) vmware(0): Using gamma correction (1.0, 1.0, 1.0)
[    30.042] (II) Loading sub module "fb"
[    30.042] (II) LoadModule: "fb"
[    30.043] (II) Loading /usr/lib/xorg/modules/libfb.so
[    30.048] (II) Module fb: vendor="X.Org Foundation"
[    30.048] 	compiled for 1.20.11, module version = 1.0.0
[    30.048] 	ABI class: X.Org ANSI C Emulation, version 0.4
[    30.048] (II) Loading sub module "dri2"
[    30.048] (II) LoadModule: "dri2"
[    30.048] (II) Module "dri2" already built-in
[    30.048] (II) Loading sub module "dri3"
[    30.048] (II) LoadModule: "dri3"
[    30.048] (II) Module "dri3" already built-in
[    30.048] (II) UnloadModule: "modesetting"
[    30.048] (II) Unloading modesetting
[    30.048] (II) UnloadModule: "fbdev"
[    30.048] (II) Unloading fbdev
[    30.048] (II) UnloadSubModule: "fbdevhw"
[    30.048] (II) Unloading fbdevhw
[    30.048] (II) UnloadModule: "vesa"
[    30.048] (II) Unloading vesa
[    30.050] (II) vmware(0): Initialized VMWARE_CTRL extension version 0.2
[    30.082] (WW) vmware(0): Failed to initialize Gallium3D Xa. No render acceleration available.
[    30.082] (WW) vmware(0): Skipped initialization of direct rendering due to lack of render acceleration.
[    30.082] (--) vmware(0): Render acceleration is disabled.
[    30.082] (==) vmware(0): Rendercheck mode is disabled.
[    30.082] (--) vmware(0): Direct rendering (DRI2 3D) is disabled.
[    30.082] (--) vmware(0): Direct rendering (DRI3 3D) is disabled.
[    30.082] (==) vmware(0): Backing store enabled
[    30.082] (==) vmware(0): Silken mouse enabled
[    30.084] (==) vmware(0): DPMS enabled
[    30.084] (II) vmware(0): No 3D acceleration. Not setting up textured video.
[    30.084] (WW) vmware(0): Disabling Xv because no adaptors could be initialized.
[    30.084] (II) Initializing extension Generic Event Extension
[    30.085] (II) Initializing extension SHAPE
[    30.085] (II) Initializing extension MIT-SHM
[    30.085] (II) Initializing extension XInputExtension
[    30.086] (II) Initializing extension XTEST
[    30.087] (II) Initializing extension BIG-REQUESTS
[    30.089] (II) Initializing extension SYNC
[    30.090] (II) Initializing extension XKEYBOARD
[    30.090] (II) Initializing extension XC-MISC
[    30.091] (II) Initializing extension SECURITY
[    30.095] (II) Initializing extension XFIXES
[    30.100] (II) Initializing extension RENDER
[    30.100] (II) Initializing extension RANDR
[    30.101] (II) Initializing extension COMPOSITE
[    30.101] (II) Initializing extension DAMAGE
[    30.102] (II) Initializing extension MIT-SCREEN-SAVER
[    30.103] (II) Initializing extension DOUBLE-BUFFER
[    30.105] (II) Initializing extension RECORD
[    30.106] (II) Initializing extension DPMS
[    30.107] (II) Initializing extension Present
[    30.114] (II) Initializing extension DRI3
[    30.114] (II) Initializing extension X-Resource
[    30.114] (II) Initializing extension XVideo
[    30.115] (II) Initializing extension XVideo-MotionCompensation
[    30.115] (II) Initializing extension SELinux
[    30.115] (II) SELinux: Disabled on system
[    30.115] (II) Initializing extension GLX
[    30.116] (II) AIGLX: Screen 0 is not DRI2 capable
[    30.233] (II) IGLX: Loaded and initialized swrast
[    30.233] (II) GLX: Initialized DRISWRAST GL provider for screen 0
[    30.234] (II) Initializing extension XFree86-VidModeExtension
[    30.234] (II) Initializing extension XFree86-DGA
[    30.235] (II) Initializing extension XFree86-DRI
[    30.236] (II) Initializing extension DRI2
[    30.244] (II) vmware(0): Setting screen physical size to 211 x 158
[    30.421] (II) config/udev: Adding input device Power Button (/dev/input/event0)
[    30.422] (**) Power Button: Applying InputClass "libinput keyboard catchall"
[    30.422] (II) LoadModule: "libinput"
[    30.422] (II) Loading /usr/lib/xorg/modules/input/libinput_drv.so
[    30.432] (II) Module libinput: vendor="X.Org Foundation"
[    30.432] 	compiled for 1.20.4, module version = 0.29.0
[    30.432] 	Module class: X.Org XInput Driver
[    30.432] 	ABI class: X.Org XInput driver, version 24.1
[    30.432] (II) Using input driver 'libinput' for 'Power Button'
[    30.436] (II) systemd-logind: got fd for /dev/input/event0 13:64 fd 20 paused 0
[    30.436] (**) Power Button: always reports core events
[    30.437] (**) Option "Device" "/dev/input/event0"
[    30.437] (**) Option "_source" "server/udev"
[    30.449] (II) event0  - Power Button: is tagged by udev as: Keyboard
[    30.449] (II) event0  - Power Button: device is a keyboard
[    30.449] (II) event0  - Power Button: device removed
[    30.449] (**) Option "config_info" "udev:/sys/devices/LNXSYSTM:00/LNXPWRBN:00/input/input0/event0"
[    30.449] (II) XINPUT: Adding extended input device "Power Button" (type: KEYBOARD, id 6)
[    30.449] (**) Option "xkb_model" "pc105"
[    30.450] (**) Option "xkb_layout" "us"
[    30.454] (II) event0  - Power Button: is tagged by udev as: Keyboard
[    30.458] (II) event0  - Power Button: device is a keyboard
[    30.459] (II) config/udev: Adding input device Sleep Button (/dev/input/event1)
[    30.459] (**) Sleep Button: Applying InputClass "libinput keyboard catchall"
[    30.460] (II) Using input driver 'libinput' for 'Sleep Button'
[    30.463] (II) systemd-logind: got fd for /dev/input/event1 13:65 fd 23 paused 0
[    30.463] (**) Sleep Button: always reports core events
[    30.463] (**) Option "Device" "/dev/input/event1"
[    30.463] (**) Option "_source" "server/udev"
[    30.470] (II) event1  - Sleep Button: is tagged by udev as: Keyboard
[    30.471] (II) event1  - Sleep Button: device is a keyboard
[    30.471] (II) event1  - Sleep Button: device removed
[    30.472] (**) Option "config_info" "udev:/sys/devices/LNXSYSTM:00/LNXSLPBN:00/input/input1/event1"
[    30.472] (II) XINPUT: Adding extended input device "Sleep Button" (type: KEYBOARD, id 7)
[    30.472] (**) Option "xkb_model" "pc105"
[    30.472] (**) Option "xkb_layout" "us"
[    30.478] (II) event1  - Sleep Button: is tagged by udev as: Keyboard
[    30.480] (II) event1  - Sleep Button: device is a keyboard
[    30.482] (II) config/udev: Adding input device Video Bus (/dev/input/event3)
[    30.482] (**) Video Bus: Applying InputClass "libinput keyboard catchall"
[    30.482] (II) Using input driver 'libinput' for 'Video Bus'
[    30.485] (II) systemd-logind: got fd for /dev/input/event3 13:67 fd 24 paused 0
[    30.485] (**) Video Bus: always reports core events
[    30.485] (**) Option "Device" "/dev/input/event3"
[    30.486] (**) Option "_source" "server/udev"
[    30.494] (II) event3  - Video Bus: is tagged by udev as: Keyboard
[    30.495] (II) event3  - Video Bus: device is a keyboard
[    30.495] (II) event3  - Video Bus: device removed
[    30.495] (**) Option "config_info" "udev:/sys/devices/LNXSYSTM:00/LNXSYBUS:00/PNP0A03:00/LNXVIDEO:00/input/input4/event3"
[    30.495] (II) XINPUT: Adding extended input device "Video Bus" (type: KEYBOARD, id 8)
[    30.495] (**) Option "xkb_model" "pc105"
[    30.495] (**) Option "xkb_layout" "us"
[    30.499] (II) event3  - Video Bus: is tagged by udev as: Keyboard
[    30.499] (II) event3  - Video Bus: device is a keyboard
[    30.501] (II) config/udev: Adding input device VirtualBox mouse integration (/dev/input/event6)
[    30.501] (**) VirtualBox mouse integration: Applying InputClass "libinput pointer catchall"
[    30.501] (II) Using input driver 'libinput' for 'VirtualBox mouse integration'
[    30.504] (II) systemd-logind: got fd for /dev/input/event6 13:70 fd 25 paused 0
[    30.504] (**) VirtualBox mouse integration: always reports core events
[    30.504] (**) Option "Device" "/dev/input/event6"
[    30.504] (**) Option "_source" "server/udev"
[    30.509] (II) event6  - VirtualBox mouse integration: is tagged by udev as: Mouse
[    30.509] (II) event6  - VirtualBox mouse integration: device is a pointer
[    30.509] (II) event6  - VirtualBox mouse integration: device removed
[    30.510] (**) Option "config_info" "udev:/sys/devices/pci0000:00/0000:00:04.0/input/input7/event6"
[    30.510] (II) XINPUT: Adding extended input device "VirtualBox mouse integration" (type: MOUSE, id 9)
[    30.511] (**) Option "AccelerationScheme" "none"
[    30.511] (**) VirtualBox mouse integration: (accel) selected scheme none/0
[    30.511] (**) VirtualBox mouse integration: (accel) acceleration factor: 2.000
[    30.511] (**) VirtualBox mouse integration: (accel) acceleration threshold: 4
[    30.515] (II) event6  - VirtualBox mouse integration: is tagged by udev as: Mouse
[    30.516] (II) event6  - VirtualBox mouse integration: device is a pointer
[    30.518] (II) config/udev: Adding input device VirtualBox mouse integration (/dev/input/js1)
[    30.518] (II) No input driver specified, ignoring this device.
[    30.518] (II) This device may have been added with another device file.
[    30.522] (II) config/udev: Adding input device VirtualBox USB Tablet (/dev/input/event5)
[    30.522] (**) VirtualBox USB Tablet: Applying InputClass "libinput pointer catchall"
[    30.523] (II) Using input driver 'libinput' for 'VirtualBox USB Tablet'
[    30.583] (II) systemd-logind: got fd for /dev/input/event5 13:69 fd 26 paused 0
[    30.583] (**) VirtualBox USB Tablet: always reports core events
[    30.583] (**) Option "Device" "/dev/input/event5"
[    30.583] (**) Option "_source" "server/udev"
[    30.585] (II) event5  - VirtualBox USB Tablet: is tagged by udev as: Mouse
[    30.585] (II) event5  - VirtualBox USB Tablet: device is a pointer
[    30.585] (II) event5  - VirtualBox USB Tablet: device removed
[    30.585] (**) Option "config_info" "udev:/sys/devices/pci0000:00/0000:00:06.0/usb1/1-1/1-1:1.0/0003:80EE:0021.0001/input/input6/event5"
[    30.585] (II) XINPUT: Adding extended input device "VirtualBox USB Tablet" (type: MOUSE, id 10)
[    30.586] (**) Option "AccelerationScheme" "none"
[    30.586] (**) VirtualBox USB Tablet: (accel) selected scheme none/0
[    30.586] (**) VirtualBox USB Tablet: (accel) acceleration factor: 2.000
[    30.586] (**) VirtualBox USB Tablet: (accel) acceleration threshold: 4
[    30.593] (II) event5  - VirtualBox USB Tablet: is tagged by udev as: Mouse
[    30.593] (II) event5  - VirtualBox USB Tablet: device is a pointer
[    30.599] (II) config/udev: Adding input device VirtualBox USB Tablet (/dev/input/js0)
[    30.599] (II) No input driver specified, ignoring this device.
[    30.599] (II) This device may have been added with another device file.
[    30.600] (II) config/udev: Adding input device VirtualBox USB Tablet (/dev/input/mouse1)
[    30.600] (II) No input driver specified, ignoring this device.
[    30.600] (II) This device may have been added with another device file.
[    30.607] (II) config/udev: Adding input device AT Translated Set 2 keyboard (/dev/input/event2)
[    30.607] (**) AT Translated Set 2 keyboard: Applying InputClass "libinput keyboard catchall"
[    30.608] (II) Using input driver 'libinput' for 'AT Translated Set 2 keyboard'
[    30.611] (II) systemd-logind: got fd for /dev/input/event2 13:66 fd 27 paused 0
[    30.611] (**) AT Translated Set 2 keyboard: always reports core events
[    30.611] (**) Option "Device" "/dev/input/event2"
[    30.611] (**) Option "_source" "server/udev"
[    30.614] (II) event2  - AT Translated Set 2 keyboard: is tagged by udev as: Keyboard
[    30.615] (II) event2  - AT Translated Set 2 keyboard: device is a keyboard
[    30.615] (II) event2  - AT Translated Set 2 keyboard: device removed
[    30.616] (**) Option "config_info" "udev:/sys/devices/platform/i8042/serio0/input/input2/event2"
[    30.616] (II) XINPUT: Adding extended input device "AT Translated Set 2 keyboard" (type: KEYBOARD, id 11)
[    30.616] (**) Option "xkb_model" "pc105"
[    30.621] (**) Option "xkb_layout" "us"
[    30.626] (II) event2  - AT Translated Set 2 keyboard: is tagged by udev as: Keyboard
[    30.626] (II) event2  - AT Translated Set 2 keyboard: device is a keyboard
[    30.628] (II) config/udev: Adding input device ImExPS/2 Generic Explorer Mouse (/dev/input/event4)
[    30.628] (**) ImExPS/2 Generic Explorer Mouse: Applying InputClass "libinput pointer catchall"
[    30.628] (II) Using input driver 'libinput' for 'ImExPS/2 Generic Explorer Mouse'
[    30.632] (II) systemd-logind: got fd for /dev/input/event4 13:68 fd 28 paused 0
[    30.632] (**) ImExPS/2 Generic Explorer Mouse: always reports core events
[    30.632] (**) Option "Device" "/dev/input/event4"
[    30.632] (**) Option "_source" "server/udev"
[    30.634] (II) event4  - ImExPS/2 Generic Explorer Mouse: is tagged by udev as: Mouse
[    30.634] (II) event4  - ImExPS/2 Generic Explorer Mouse: device is a pointer
[    30.635] (II) event4  - ImExPS/2 Generic Explorer Mouse: device removed
[    30.635] (**) Option "config_info" "udev:/sys/devices/platform/i8042/serio1/input/input5/event4"
[    30.636] (II) XINPUT: Adding extended input device "ImExPS/2 Generic Explorer Mouse" (type: MOUSE, id 12)
[    30.640] (**) Option "AccelerationScheme" "none"
[    30.640] (**) ImExPS/2 Generic Explorer Mouse: (accel) selected scheme none/0
[    30.640] (**) ImExPS/2 Generic Explorer Mouse: (accel) acceleration factor: 2.000
[    30.640] (**) ImExPS/2 Generic Explorer Mouse: (accel) acceleration threshold: 4
[    30.643] (II) event4  - ImExPS/2 Generic Explorer Mouse: is tagged by udev as: Mouse
[    30.643] (II) event4  - ImExPS/2 Generic Explorer Mouse: device is a pointer
[    30.646] (II) config/udev: Adding input device ImExPS/2 Generic Explorer Mouse (/dev/input/mouse0)
[    30.649] (II) No input driver specified, ignoring this device.
[    30.649] (II) This device may have been added with another device file.
[    35.016] (EE) No surface to present from.
[    84.990] (EE) No surface to present from.
